<?xml version="1.0" encoding="UTF-8"?>
<coverage generated="1666175696103" clover="3.2.0">
  <project timestamp="1666175696103" name="All files">
    <metrics statements="24" coveredstatements="21" conditionals="0" coveredconditionals="0" methods="3" coveredmethods="2" elements="27" coveredelements="23" complexity="0" loc="24" ncloc="24" packages="1" files="1" classes="1"/>
    <file name="index.tsx" path="/Users/davidvillalbaflores/Projects/SD-Portfolio/frontend/src/components/Header/index.tsx">
      <metrics statements="24" coveredstatements="21" conditionals="0" coveredconditionals="0" methods="3" coveredmethods="2"/>
      <line num="1" count="1" type="stmt"/>
      <line num="2" count="1" type="stmt"/>
      <line num="3" count="1" type="stmt"/>
      <line num="4" count="1" type="stmt"/>
      <line num="5" count="1" type="stmt"/>
      <line num="6" count="1" type="stmt"/>
      <line num="7" count="1" type="stmt"/>
      <line num="8" count="1" type="stmt"/>
      <line num="9" count="1" type="stmt"/>
      <line num="10" count="1" type="stmt"/>
      <line num="11" count="1" type="stmt"/>
      <line num="12" count="1" type="stmt"/>
      <line num="13" count="1" type="stmt"/>
      <line num="15" count="1" type="stmt"/>
      <line num="19" count="1" type="stmt"/>
      <line num="27" count="1" type="stmt"/>
      <line num="33" count="1" type="stmt"/>
      <line num="34" count="0" type="stmt"/>
      <line num="36" count="0" type="stmt"/>
      <line num="37" count="0" type="stmt"/>
      <line num="41" count="1" type="stmt"/>
      <line num="42" count="1" type="stmt"/>
      <line num="43" count="1" type="stmt"/>
      <line num="147" count="1" type="stmt"/>
    </file>
  </project>
</coverage>
