<?xml version="1.0" encoding="UTF-8"?>
<coverage generated="1664534069975" clover="3.2.0">
  <project timestamp="1664534069975" name="All files">
    <metrics statements="27" coveredstatements="23" conditionals="0" coveredconditionals="0" methods="8" coveredmethods="4" elements="35" coveredelements="27" complexity="0" loc="27" ncloc="27" packages="1" files="1" classes="1"/>
    <file name="index.tsx" path="/Users/davidvillalbaflores/Projects/SD-Portfolio/frontend/src/components/Header/index.tsx">
      <metrics statements="27" coveredstatements="23" conditionals="0" coveredconditionals="0" methods="8" coveredmethods="4"/>
      <line num="1" count="1" type="stmt"/>
      <line num="2" count="1" type="stmt"/>
      <line num="3" count="1" type="stmt"/>
      <line num="4" count="1" type="stmt"/>
      <line num="5" count="1" type="stmt"/>
      <line num="6" count="1" type="stmt"/>
      <line num="7" count="1" type="stmt"/>
      <line num="8" count="1" type="stmt"/>
      <line num="9" count="1" type="stmt"/>
      <line num="10" count="1" type="stmt"/>
      <line num="11" count="1" type="stmt"/>
      <line num="12" count="1" type="stmt"/>
      <line num="13" count="1" type="stmt"/>
      <line num="15" count="1" type="stmt"/>
      <line num="18" count="1" type="stmt"/>
      <line num="26" count="1" type="stmt"/>
      <line num="32" count="1" type="stmt"/>
      <line num="33" count="1" type="stmt"/>
      <line num="34" count="1" type="stmt"/>
      <line num="35" count="1" type="stmt"/>
      <line num="59" count="4" type="stmt"/>
      <line num="91" count="0" type="stmt"/>
      <line num="103" count="0" type="stmt"/>
      <line num="104" count="0" type="stmt"/>
      <line num="107" count="0" type="stmt"/>
      <line num="114" count="4" type="stmt"/>
      <line num="133" count="1" type="stmt"/>
    </file>
  </project>
</coverage>
