TN:
SF:src/components/Header/index.tsx
FN:27,(anonymous_1)
FN:33,(anonymous_2)
FN:58,(anonymous_3)
FN:92,(anonymous_4)
FN:104,(anonymous_5)
FN:105,(anonymous_6)
FN:109,(anonymous_7)
FN:116,(anonymous_8)
FNF:8
FNH:4
FNDA:1,(anonymous_1)
FNDA:1,(anonymous_2)
FNDA:4,(anonymous_3)
FNDA:0,(anonymous_4)
FNDA:0,(anonymous_5)
FNDA:0,(anonymous_6)
FNDA:0,(anonymous_7)
FNDA:4,(anonymous_8)
DA:1,1
DA:2,1
DA:3,1
DA:4,1
DA:5,1
DA:6,1
DA:7,1
DA:8,1
DA:9,1
DA:10,1
DA:11,1
DA:12,1
DA:13,1
DA:15,1
DA:19,1
DA:27,1
DA:33,1
DA:34,1
DA:35,1
DA:36,1
DA:60,4
DA:92,0
DA:104,0
DA:105,0
DA:109,0
DA:118,4
DA:137,1
LF:27
LH:23
BRF:0
BRH:0
end_of_record
TN:
SF:src/components/SkillsSumary/index.tsx
FN:10,(anonymous_1)
FN:32,(anonymous_2)
FNF:2
FNH:2
FNDA:4,(anonymous_1)
FNDA:5,(anonymous_2)
DA:2,1
DA:3,1
DA:5,1
DA:6,1
DA:7,1
DA:8,1
DA:10,1
DA:11,4
DA:12,4
DA:13,2
DA:14,1
DA:33,5
DA:75,1
LF:13
LH:13
BRDA:12,0,0,2
BRDA:13,1,0,1
BRF:2
BRH:2
end_of_record
TN:
SF:src/graphql/query/introdutionSkill.tsx
FNF:0
FNH:0
DA:2,1
DA:4,1
LF:2
LH:2
BRF:0
BRH:0
end_of_record
