TN:
SF:src/components/Header/index.tsx
FN:26,(anonymous_1)
FN:32,(anonymous_2)
FN:57,(anonymous_3)
FN:91,(anonymous_4)
FN:103,(anonymous_5)
FN:104,(anonymous_6)
FN:107,(anonymous_7)
FN:112,(anonymous_8)
FNF:8
FNH:4
FNDA:1,(anonymous_1)
FNDA:1,(anonymous_2)
FNDA:4,(anonymous_3)
FNDA:0,(anonymous_4)
FNDA:0,(anonymous_5)
FNDA:0,(anonymous_6)
FNDA:0,(anonymous_7)
FNDA:4,(anonymous_8)
DA:1,1
DA:2,1
DA:3,1
DA:4,1
DA:5,1
DA:6,1
DA:7,1
DA:8,1
DA:9,1
DA:10,1
DA:11,1
DA:12,1
DA:13,1
DA:15,1
DA:18,1
DA:26,1
DA:32,1
DA:33,1
DA:34,1
DA:35,1
DA:59,4
DA:91,0
DA:103,0
DA:104,0
DA:107,0
DA:114,4
DA:133,1
LF:27
LH:23
BRF:0
BRH:0
end_of_record
